<?xml version="1.0" encoding="UTF-8"?>
<!-- Generated by org.testng.reporters.JUnitReportReporter -->
<testsuite hostname="LAPTOP-OGPVL5N6" name="testngDemo.Demo" tests="1" failures="0" timestamp="15 Feb 2021 04:22:54 GMT" time="0.012" errors="0">
  <testcase name="f" time="0.012" classname="testngDemo.Demo"/>
</testsuite> <!-- testngDemo.Demo -->
