<?xml version="1.0" encoding="UTF-8"?>
<!-- Generated by org.testng.reporters.JUnitReportReporter -->
<testsuite hostname="LAPTOP-OGPVL5N6" name="testngDemo.Annotations_Demo" tests="2" failures="0" timestamp="15 Feb 2021 04:22:54 GMT" time="0.009" errors="0">
  <testcase name="sec" time="0.004" classname="testngDemo.Annotations_Demo"/>
  <testcase name="first" time="0.005" classname="testngDemo.Annotations_Demo"/>
</testsuite> <!-- testngDemo.Annotations_Demo -->
